The target system is: Android - 1 - aarch64
The host system is: Linux - 5.15.0-58-generic - x86_64
Detecting CXX compiler ABI info compiled with the following output:
Change Dir: /home/saeed/3D_Chess/build-3D_Chess-Android_Qt_6_2_2_Clang_arm64_v8a-Debug/CMakeFiles/CMakeTmp

Run Build Command(s):/usr/bin/ninja cmTC_fdedc && [1/2] Building CXX object CMakeFiles/cmTC_fdedc.dir/CMakeCXXCompilerABI.cpp.o
Android (6454773 based on r365631c2) clang version 9.0.8 (https://android.googlesource.com/toolchain/llvm-project 98c855489587874b2a325e7a516b99d838599c6f) (based on LLVM 9.0.8svn)
Target: aarch64-none-linux-android23
Thread model: posix
InstalledDir: /home/saeed/Android/Sdk/ndk/21.3.6528147/toolchains/llvm/prebuilt/linux-x86_64/bin
Found candidate GCC installation: /home/saeed/Android/Sdk/ndk/21.3.6528147/toolchains/llvm/prebuilt/linux-x86_64/lib/gcc/aarch64-linux-android/4.9.x
Selected GCC installation: /home/saeed/Android/Sdk/ndk/21.3.6528147/toolchains/llvm/prebuilt/linux-x86_64/lib/gcc/aarch64-linux-android/4.9.x
Candidate multilib: .;@m64
Selected multilib: .;@m64
 "/home/saeed/Android/Sdk/ndk/21.3.6528147/toolchains/llvm/prebuilt/linux-x86_64/bin/clang++" -cc1 -triple aarch64-none-linux-android23 -emit-obj -mrelax-all -mnoexecstack -disable-free -disable-llvm-verifier -discard-value-names -main-file-name CMakeCXXCompilerABI.cpp -mrelocation-model pic -pic-level 2 -pic-is-pie -mthread-model posix -mdisable-fp-elim -masm-verbose -mconstructor-aliases -munwind-tables -fuse-init-array -target-cpu generic -target-feature +neon -target-abi aapcs -mllvm -aarch64-fix-cortex-a53-835769=1 -fallow-half-arguments-and-returns -dwarf-column-info -debug-info-kind=limited -dwarf-version=4 -debugger-tuning=gdb -v -ffunction-sections -fdata-sections -coverage-notes-file /home/saeed/3D_Chess/build-3D_Chess-Android_Qt_6_2_2_Clang_arm64_v8a-Debug/CMakeFiles/CMakeTmp/CMakeFiles/cmTC_fdedc.dir/CMakeCXXCompilerABI.cpp.gcno -resource-dir /home/saeed/Android/Sdk/ndk/21.3.6528147/toolchains/llvm/prebuilt/linux-x86_64/lib64/clang/9.0.8 -dependency-file CMakeFiles/cmTC_fdedc.dir/CMakeCXXCompilerABI.cpp.o.d -sys-header-deps -MT CMakeFiles/cmTC_fdedc.dir/CMakeCXXCompilerABI.cpp.o -D ANDROID -D _FORTIFY_SOURCE=2 -isysroot /home/saeed/Android/Sdk/ndk/21.3.6528147/toolchains/llvm/prebuilt/linux-x86_64/sysroot -internal-isystem /home/saeed/Android/Sdk/ndk/21.3.6528147/toolchains/llvm/prebuilt/linux-x86_64/sysroot/usr/include/c++/v1 -internal-isystem /home/saeed/Android/Sdk/ndk/21.3.6528147/toolchains/llvm/prebuilt/linux-x86_64/sysroot/usr/local/include -internal-isystem /home/saeed/Android/Sdk/ndk/21.3.6528147/toolchains/llvm/prebuilt/linux-x86_64/lib64/clang/9.0.8/include -internal-externc-isystem /home/saeed/Android/Sdk/ndk/21.3.6528147/toolchains/llvm/prebuilt/linux-x86_64/sysroot/usr/include/aarch64-linux-android -internal-externc-isystem /home/saeed/Android/Sdk/ndk/21.3.6528147/toolchains/llvm/prebuilt/linux-x86_64/sysroot/include -internal-externc-isystem /home/saeed/Android/Sdk/ndk/21.3.6528147/toolchains/llvm/prebuilt/linux-x86_64/sysroot/usr/include -Wformat -fdeprecated-macro -fdebug-compilation-dir /home/saeed/3D_Chess/build-3D_Chess-Android_Qt_6_2_2_Clang_arm64_v8a-Debug/CMakeFiles/CMakeTmp -ferror-limit 19 -fmessage-length 0 -stack-protector 2 -fno-signed-char -fobjc-runtime=gcc -fcxx-exceptions -fexceptions -fdiagnostics-show-option -o CMakeFiles/cmTC_fdedc.dir/CMakeCXXCompilerABI.cpp.o -x c++ /home/saeed/Qt/Tools/CMake/share/cmake-3.21/Modules/CMakeCXXCompilerABI.cpp
clang -cc1 version 9.0.8 based upon LLVM 9.0.8svn default target x86_64-unknown-linux-gnu
ignoring nonexistent directory "/home/saeed/Android/Sdk/ndk/21.3.6528147/toolchains/llvm/prebuilt/linux-x86_64/sysroot/include"
#include "..." search starts here:
#include <...> search starts here:
 /home/saeed/Android/Sdk/ndk/21.3.6528147/toolchains/llvm/prebuilt/linux-x86_64/sysroot/usr/include/c++/v1
 /home/saeed/Android/Sdk/ndk/21.3.6528147/toolchains/llvm/prebuilt/linux-x86_64/sysroot/usr/local/include
 /home/saeed/Android/Sdk/ndk/21.3.6528147/toolchains/llvm/prebuilt/linux-x86_64/lib64/clang/9.0.8/include
 /home/saeed/Android/Sdk/ndk/21.3.6528147/toolchains/llvm/prebuilt/linux-x86_64/sysroot/usr/include/aarch64-linux-android
 /home/saeed/Android/Sdk/ndk/21.3.6528147/toolchains/llvm/prebuilt/linux-x86_64/sysroot/usr/include
End of search list.
[2/2] Linking CXX executable cmTC_fdedc
Android (6454773 based on r365631c2) clang version 9.0.8 (https://android.googlesource.com/toolchain/llvm-project 98c855489587874b2a325e7a516b99d838599c6f) (based on LLVM 9.0.8svn)
Target: aarch64-none-linux-android23
Thread model: posix
InstalledDir: /home/saeed/Android/Sdk/ndk/21.3.6528147/toolchains/llvm/prebuilt/linux-x86_64/bin
Found candidate GCC installation: /home/saeed/Android/Sdk/ndk/21.3.6528147/toolchains/llvm/prebuilt/linux-x86_64/lib/gcc/aarch64-linux-android/4.9.x
Selected GCC installation: /home/saeed/Android/Sdk/ndk/21.3.6528147/toolchains/llvm/prebuilt/linux-x86_64/lib/gcc/aarch64-linux-android/4.9.x
Candidate multilib: .;@m64
Selected multilib: .;@m64
 "/home/saeed/Android/Sdk/ndk/21.3.6528147/toolchains/llvm/prebuilt/linux-x86_64/lib/gcc/aarch64-linux-android/4.9.x/../../../../aarch64-linux-android/bin/ld" --sysroot=/home/saeed/Android/Sdk/ndk/21.3.6528147/toolchains/llvm/prebuilt/linux-x86_64/sysroot -pie -z noexecstack -EL --fix-cortex-a53-843419 --warn-shared-textrel -z now -z relro -z max-page-size=4096 --hash-style=gnu --hash-style=both --enable-new-dtags --eh-frame-hdr -m aarch64linux -dynamic-linker /system/bin/linker64 -o cmTC_fdedc /home/saeed/Android/Sdk/ndk/21.3.6528147/toolchains/llvm/prebuilt/linux-x86_64/sysroot/usr/lib/aarch64-linux-android/23/crtbegin_dynamic.o -L/home/saeed/Android/Sdk/ndk/21.3.6528147/toolchains/llvm/prebuilt/linux-x86_64/lib64/clang/9.0.8/lib/linux/aarch64 -L/home/saeed/Android/Sdk/ndk/21.3.6528147/toolchains/llvm/prebuilt/linux-x86_64/lib/gcc/aarch64-linux-android/4.9.x -L/home/saeed/Android/Sdk/ndk/21.3.6528147/toolchains/llvm/prebuilt/linux-x86_64/lib/gcc/aarch64-linux-android/4.9.x/../../../../aarch64-linux-android/lib/../lib64 -L/home/saeed/Android/Sdk/ndk/21.3.6528147/toolchains/llvm/prebuilt/linux-x86_64/sysroot/usr/lib/aarch64-linux-android/23 -L/home/saeed/Android/Sdk/ndk/21.3.6528147/toolchains/llvm/prebuilt/linux-x86_64/sysroot/usr/lib/aarch64-linux-android -L/home/saeed/Android/Sdk/ndk/21.3.6528147/toolchains/llvm/prebuilt/linux-x86_64/lib/gcc/aarch64-linux-android/4.9.x/../../../../aarch64-linux-android/lib -L/home/saeed/Android/Sdk/ndk/21.3.6528147/toolchains/llvm/prebuilt/linux-x86_64/sysroot/usr/lib --exclude-libs libgcc.a --exclude-libs libgcc_real.a --exclude-libs libatomic.a --build-id --fatal-warnings --no-undefined --gc-sections CMakeFiles/cmTC_fdedc.dir/CMakeCXXCompilerABI.cpp.o -lc++ -lm -lgcc -ldl -lc -lgcc -ldl /home/saeed/Android/Sdk/ndk/21.3.6528147/toolchains/llvm/prebuilt/linux-x86_64/sysroot/usr/lib/aarch64-linux-android/23/crtend_android.o



Parsed CXX implicit include dir info from above output: rv=done
  found start of include info
  found start of implicit include info
    add: [/home/saeed/Android/Sdk/ndk/21.3.6528147/toolchains/llvm/prebuilt/linux-x86_64/sysroot/usr/include/c++/v1]
    add: [/home/saeed/Android/Sdk/ndk/21.3.6528147/toolchains/llvm/prebuilt/linux-x86_64/sysroot/usr/local/include]
    add: [/home/saeed/Android/Sdk/ndk/21.3.6528147/toolchains/llvm/prebuilt/linux-x86_64/lib64/clang/9.0.8/include]
    add: [/home/saeed/Android/Sdk/ndk/21.3.6528147/toolchains/llvm/prebuilt/linux-x86_64/sysroot/usr/include/aarch64-linux-android]
    add: [/home/saeed/Android/Sdk/ndk/21.3.6528147/toolchains/llvm/prebuilt/linux-x86_64/sysroot/usr/include]
  end of search list found
  collapse include dir [/home/saeed/Android/Sdk/ndk/21.3.6528147/toolchains/llvm/prebuilt/linux-x86_64/sysroot/usr/include/c++/v1] ==> [/home/saeed/Android/Sdk/ndk/21.3.6528147/toolchains/llvm/prebuilt/linux-x86_64/sysroot/usr/include/c++/v1]
  collapse include dir [/home/saeed/Android/Sdk/ndk/21.3.6528147/toolchains/llvm/prebuilt/linux-x86_64/sysroot/usr/local/include] ==> [/home/saeed/Android/Sdk/ndk/21.3.6528147/toolchains/llvm/prebuilt/linux-x86_64/sysroot/usr/local/include]
  collapse include dir [/home/saeed/Android/Sdk/ndk/21.3.6528147/toolchains/llvm/prebuilt/linux-x86_64/lib64/clang/9.0.8/include] ==> [/home/saeed/Android/Sdk/ndk/21.3.6528147/toolchains/llvm/prebuilt/linux-x86_64/lib64/clang/9.0.8/include]
  collapse include dir [/home/saeed/Android/Sdk/ndk/21.3.6528147/toolchains/llvm/prebuilt/linux-x86_64/sysroot/usr/include/aarch64-linux-android] ==> [/home/saeed/Android/Sdk/ndk/21.3.6528147/toolchains/llvm/prebuilt/linux-x86_64/sysroot/usr/include/aarch64-linux-android]
  collapse include dir [/home/saeed/Android/Sdk/ndk/21.3.6528147/toolchains/llvm/prebuilt/linux-x86_64/sysroot/usr/include] ==> [/home/saeed/Android/Sdk/ndk/21.3.6528147/toolchains/llvm/prebuilt/linux-x86_64/sysroot/usr/include]
  implicit include dirs: [/home/saeed/Android/Sdk/ndk/21.3.6528147/toolchains/llvm/prebuilt/linux-x86_64/sysroot/usr/include/c++/v1;/home/saeed/Android/Sdk/ndk/21.3.6528147/toolchains/llvm/prebuilt/linux-x86_64/sysroot/usr/local/include;/home/saeed/Android/Sdk/ndk/21.3.6528147/toolchains/llvm/prebuilt/linux-x86_64/lib64/clang/9.0.8/include;/home/saeed/Android/Sdk/ndk/21.3.6528147/toolchains/llvm/prebuilt/linux-x86_64/sysroot/usr/include/aarch64-linux-android;/home/saeed/Android/Sdk/ndk/21.3.6528147/toolchains/llvm/prebuilt/linux-x86_64/sysroot/usr/include]


Parsed CXX implicit link information from above output:
  link line regex: [^( *|.*[/\])(ld\.lld|CMAKE_LINK_STARTFILE-NOTFOUND|([^/\]+-)?ld|collect2)[^/\]*( |$)]
  ignore line: [Change Dir: /home/saeed/3D_Chess/build-3D_Chess-Android_Qt_6_2_2_Clang_arm64_v8a-Debug/CMakeFiles/CMakeTmp]
  ignore line: []
  ignore line: [Run Build Command(s):/usr/bin/ninja cmTC_fdedc && [1/2] Building CXX object CMakeFiles/cmTC_fdedc.dir/CMakeCXXCompilerABI.cpp.o]
  ignore line: [Android (6454773 based on r365631c2) clang version 9.0.8 (https://android.googlesource.com/toolchain/llvm-project 98c855489587874b2a325e7a516b99d838599c6f) (based on LLVM 9.0.8svn)]
  ignore line: [Target: aarch64-none-linux-android23]
  ignore line: [Thread model: posix]
  ignore line: [InstalledDir: /home/saeed/Android/Sdk/ndk/21.3.6528147/toolchains/llvm/prebuilt/linux-x86_64/bin]
  ignore line: [Found candidate GCC installation: /home/saeed/Android/Sdk/ndk/21.3.6528147/toolchains/llvm/prebuilt/linux-x86_64/lib/gcc/aarch64-linux-android/4.9.x]
  ignore line: [Selected GCC installation: /home/saeed/Android/Sdk/ndk/21.3.6528147/toolchains/llvm/prebuilt/linux-x86_64/lib/gcc/aarch64-linux-android/4.9.x]
  ignore line: [Candidate multilib: .]
  ignore line: [@m64]
  ignore line: [Selected multilib: .]
  ignore line: [@m64]
  ignore line: [ "/home/saeed/Android/Sdk/ndk/21.3.6528147/toolchains/llvm/prebuilt/linux-x86_64/bin/clang++" -cc1 -triple aarch64-none-linux-android23 -emit-obj -mrelax-all -mnoexecstack -disable-free -disable-llvm-verifier -discard-value-names -main-file-name CMakeCXXCompilerABI.cpp -mrelocation-model pic -pic-level 2 -pic-is-pie -mthread-model posix -mdisable-fp-elim -masm-verbose -mconstructor-aliases -munwind-tables -fuse-init-array -target-cpu generic -target-feature +neon -target-abi aapcs -mllvm -aarch64-fix-cortex-a53-835769=1 -fallow-half-arguments-and-returns -dwarf-column-info -debug-info-kind=limited -dwarf-version=4 -debugger-tuning=gdb -v -ffunction-sections -fdata-sections -coverage-notes-file /home/saeed/3D_Chess/build-3D_Chess-Android_Qt_6_2_2_Clang_arm64_v8a-Debug/CMakeFiles/CMakeTmp/CMakeFiles/cmTC_fdedc.dir/CMakeCXXCompilerABI.cpp.gcno -resource-dir /home/saeed/Android/Sdk/ndk/21.3.6528147/toolchains/llvm/prebuilt/linux-x86_64/lib64/clang/9.0.8 -dependency-file CMakeFiles/cmTC_fdedc.dir/CMakeCXXCompilerABI.cpp.o.d -sys-header-deps -MT CMakeFiles/cmTC_fdedc.dir/CMakeCXXCompilerABI.cpp.o -D ANDROID -D _FORTIFY_SOURCE=2 -isysroot /home/saeed/Android/Sdk/ndk/21.3.6528147/toolchains/llvm/prebuilt/linux-x86_64/sysroot -internal-isystem /home/saeed/Android/Sdk/ndk/21.3.6528147/toolchains/llvm/prebuilt/linux-x86_64/sysroot/usr/include/c++/v1 -internal-isystem /home/saeed/Android/Sdk/ndk/21.3.6528147/toolchains/llvm/prebuilt/linux-x86_64/sysroot/usr/local/include -internal-isystem /home/saeed/Android/Sdk/ndk/21.3.6528147/toolchains/llvm/prebuilt/linux-x86_64/lib64/clang/9.0.8/include -internal-externc-isystem /home/saeed/Android/Sdk/ndk/21.3.6528147/toolchains/llvm/prebuilt/linux-x86_64/sysroot/usr/include/aarch64-linux-android -internal-externc-isystem /home/saeed/Android/Sdk/ndk/21.3.6528147/toolchains/llvm/prebuilt/linux-x86_64/sysroot/include -internal-externc-isystem /home/saeed/Android/Sdk/ndk/21.3.6528147/toolchains/llvm/prebuilt/linux-x86_64/sysroot/usr/include -Wformat -fdeprecated-macro -fdebug-compilation-dir /home/saeed/3D_Chess/build-3D_Chess-Android_Qt_6_2_2_Clang_arm64_v8a-Debug/CMakeFiles/CMakeTmp -ferror-limit 19 -fmessage-length 0 -stack-protector 2 -fno-signed-char -fobjc-runtime=gcc -fcxx-exceptions -fexceptions -fdiagnostics-show-option -o CMakeFiles/cmTC_fdedc.dir/CMakeCXXCompilerABI.cpp.o -x c++ /home/saeed/Qt/Tools/CMake/share/cmake-3.21/Modules/CMakeCXXCompilerABI.cpp]
  ignore line: [clang -cc1 version 9.0.8 based upon LLVM 9.0.8svn default target x86_64-unknown-linux-gnu]
  ignore line: [ignoring nonexistent directory "/home/saeed/Android/Sdk/ndk/21.3.6528147/toolchains/llvm/prebuilt/linux-x86_64/sysroot/include"]
  ignore line: [#include "..." search starts here:]
  ignore line: [#include <...> search starts here:]
  ignore line: [ /home/saeed/Android/Sdk/ndk/21.3.6528147/toolchains/llvm/prebuilt/linux-x86_64/sysroot/usr/include/c++/v1]
  ignore line: [ /home/saeed/Android/Sdk/ndk/21.3.6528147/toolchains/llvm/prebuilt/linux-x86_64/sysroot/usr/local/include]
  ignore line: [ /home/saeed/Android/Sdk/ndk/21.3.6528147/toolchains/llvm/prebuilt/linux-x86_64/lib64/clang/9.0.8/include]
  ignore line: [ /home/saeed/Android/Sdk/ndk/21.3.6528147/toolchains/llvm/prebuilt/linux-x86_64/sysroot/usr/include/aarch64-linux-android]
  ignore line: [ /home/saeed/Android/Sdk/ndk/21.3.6528147/toolchains/llvm/prebuilt/linux-x86_64/sysroot/usr/include]
  ignore line: [End of search list.]
  ignore line: [[2/2] Linking CXX executable cmTC_fdedc]
  ignore line: [Android (6454773 based on r365631c2) clang version 9.0.8 (https://android.googlesource.com/toolchain/llvm-project 98c855489587874b2a325e7a516b99d838599c6f) (based on LLVM 9.0.8svn)]
  ignore line: [Target: aarch64-none-linux-android23]
  ignore line: [Thread model: posix]
  ignore line: [InstalledDir: /home/saeed/Android/Sdk/ndk/21.3.6528147/toolchains/llvm/prebuilt/linux-x86_64/bin]
  ignore line: [Found candidate GCC installation: /home/saeed/Android/Sdk/ndk/21.3.6528147/toolchains/llvm/prebuilt/linux-x86_64/lib/gcc/aarch64-linux-android/4.9.x]
  ignore line: [Selected GCC installation: /home/saeed/Android/Sdk/ndk/21.3.6528147/toolchains/llvm/prebuilt/linux-x86_64/lib/gcc/aarch64-linux-android/4.9.x]
  ignore line: [Candidate multilib: .]
  ignore line: [@m64]
  ignore line: [Selected multilib: .]
  ignore line: [@m64]
  link line: [ "/home/saeed/Android/Sdk/ndk/21.3.6528147/toolchains/llvm/prebuilt/linux-x86_64/lib/gcc/aarch64-linux-android/4.9.x/../../../../aarch64-linux-android/bin/ld" --sysroot=/home/saeed/Android/Sdk/ndk/21.3.6528147/toolchains/llvm/prebuilt/linux-x86_64/sysroot -pie -z noexecstack -EL --fix-cortex-a53-843419 --warn-shared-textrel -z now -z relro -z max-page-size=4096 --hash-style=gnu --hash-style=both --enable-new-dtags --eh-frame-hdr -m aarch64linux -dynamic-linker /system/bin/linker64 -o cmTC_fdedc /home/saeed/Android/Sdk/ndk/21.3.6528147/toolchains/llvm/prebuilt/linux-x86_64/sysroot/usr/lib/aarch64-linux-android/23/crtbegin_dynamic.o -L/home/saeed/Android/Sdk/ndk/21.3.6528147/toolchains/llvm/prebuilt/linux-x86_64/lib64/clang/9.0.8/lib/linux/aarch64 -L/home/saeed/Android/Sdk/ndk/21.3.6528147/toolchains/llvm/prebuilt/linux-x86_64/lib/gcc/aarch64-linux-android/4.9.x -L/home/saeed/Android/Sdk/ndk/21.3.6528147/toolchains/llvm/prebuilt/linux-x86_64/lib/gcc/aarch64-linux-android/4.9.x/../../../../aarch64-linux-android/lib/../lib64 -L/home/saeed/Android/Sdk/ndk/21.3.6528147/toolchains/llvm/prebuilt/linux-x86_64/sysroot/usr/lib/aarch64-linux-android/23 -L/home/saeed/Android/Sdk/ndk/21.3.6528147/toolchains/llvm/prebuilt/linux-x86_64/sysroot/usr/lib/aarch64-linux-android -L/home/saeed/Android/Sdk/ndk/21.3.6528147/toolchains/llvm/prebuilt/linux-x86_64/lib/gcc/aarch64-linux-android/4.9.x/../../../../aarch64-linux-android/lib -L/home/saeed/Android/Sdk/ndk/21.3.6528147/toolchains/llvm/prebuilt/linux-x86_64/sysroot/usr/lib --exclude-libs libgcc.a --exclude-libs libgcc_real.a --exclude-libs libatomic.a --build-id --fatal-warnings --no-undefined --gc-sections CMakeFiles/cmTC_fdedc.dir/CMakeCXXCompilerABI.cpp.o -lc++ -lm -lgcc -ldl -lc -lgcc -ldl /home/saeed/Android/Sdk/ndk/21.3.6528147/toolchains/llvm/prebuilt/linux-x86_64/sysroot/usr/lib/aarch64-linux-android/23/crtend_android.o]
    arg [/home/saeed/Android/Sdk/ndk/21.3.6528147/toolchains/llvm/prebuilt/linux-x86_64/lib/gcc/aarch64-linux-android/4.9.x/../../../../aarch64-linux-android/bin/ld] ==> ignore
    arg [--sysroot=/home/saeed/Android/Sdk/ndk/21.3.6528147/toolchains/llvm/prebuilt/linux-x86_64/sysroot] ==> ignore
    arg [-pie] ==> ignore
    arg [-znoexecstack] ==> ignore
    arg [-EL] ==> ignore
    arg [--fix-cortex-a53-843419] ==> ignore
    arg [--warn-shared-textrel] ==> ignore
    arg [-znow] ==> ignore
    arg [-zrelro] ==> ignore
    arg [-zmax-page-size=4096] ==> ignore
    arg [--hash-style=gnu] ==> ignore
    arg [--hash-style=both] ==> ignore
    arg [--enable-new-dtags] ==> ignore
    arg [--eh-frame-hdr] ==> ignore
    arg [-m] ==> ignore
    arg [aarch64linux] ==> ignore
    arg [-dynamic-linker] ==> ignore
    arg [/system/bin/linker64] ==> ignore
    arg [-o] ==> ignore
    arg [cmTC_fdedc] ==> ignore
    arg [/home/saeed/Android/Sdk/ndk/21.3.6528147/toolchains/llvm/prebuilt/linux-x86_64/sysroot/usr/lib/aarch64-linux-android/23/crtbegin_dynamic.o] ==> obj [/home/saeed/Android/Sdk/ndk/21.3.6528147/toolchains/llvm/prebuilt/linux-x86_64/sysroot/usr/lib/aarch64-linux-android/23/crtbegin_dynamic.o]
    arg [-L/home/saeed/Android/Sdk/ndk/21.3.6528147/toolchains/llvm/prebuilt/linux-x86_64/lib64/clang/9.0.8/lib/linux/aarch64] ==> dir [/home/saeed/Android/Sdk/ndk/21.3.6528147/toolchains/llvm/prebuilt/linux-x86_64/lib64/clang/9.0.8/lib/linux/aarch64]
    arg [-L/home/saeed/Android/Sdk/ndk/21.3.6528147/toolchains/llvm/prebuilt/linux-x86_64/lib/gcc/aarch64-linux-android/4.9.x] ==> dir [/home/saeed/Android/Sdk/ndk/21.3.6528147/toolchains/llvm/prebuilt/linux-x86_64/lib/gcc/aarch64-linux-android/4.9.x]
    arg [-L/home/saeed/Android/Sdk/ndk/21.3.6528147/toolchains/llvm/prebuilt/linux-x86_64/lib/gcc/aarch64-linux-android/4.9.x/../../../../aarch64-linux-android/lib/../lib64] ==> dir [/home/saeed/Android/Sdk/ndk/21.3.6528147/toolchains/llvm/prebuilt/linux-x86_64/lib/gcc/aarch64-linux-android/4.9.x/../../../../aarch64-linux-android/lib/../lib64]
    arg [-L/home/saeed/Android/Sdk/ndk/21.3.6528147/toolchains/llvm/prebuilt/linux-x86_64/sysroot/usr/lib/aarch64-linux-android/23] ==> dir [/home/saeed/Android/Sdk/ndk/21.3.6528147/toolchains/llvm/prebuilt/linux-x86_64/sysroot/usr/lib/aarch64-linux-android/23]
    arg [-L/home/saeed/Android/Sdk/ndk/21.3.6528147/toolchains/llvm/prebuilt/linux-x86_64/sysroot/usr/lib/aarch64-linux-android] ==> dir [/home/saeed/Android/Sdk/ndk/21.3.6528147/toolchains/llvm/prebuilt/linux-x86_64/sysroot/usr/lib/aarch64-linux-android]
    arg [-L/home/saeed/Android/Sdk/ndk/21.3.6528147/toolchains/llvm/prebuilt/linux-x86_64/lib/gcc/aarch64-linux-android/4.9.x/../../../../aarch64-linux-android/lib] ==> dir [/home/saeed/Android/Sdk/ndk/21.3.6528147/toolchains/llvm/prebuilt/linux-x86_64/lib/gcc/aarch64-linux-android/4.9.x/../../../../aarch64-linux-android/lib]
    arg [-L/home/saeed/Android/Sdk/ndk/21.3.6528147/toolchains/llvm/prebuilt/linux-x86_64/sysroot/usr/lib] ==> dir [/home/saeed/Android/Sdk/ndk/21.3.6528147/toolchains/llvm/prebuilt/linux-x86_64/sysroot/usr/lib]
    arg [--exclude-libs] ==> ignore
    arg [libgcc.a] ==> ignore
    arg [--exclude-libs] ==> ignore
    arg [libgcc_real.a] ==> ignore
    arg [--exclude-libs] ==> ignore
    arg [libatomic.a] ==> ignore
    arg [--build-id] ==> ignore
    arg [--fatal-warnings] ==> ignore
    arg [--no-undefined] ==> ignore
    arg [--gc-sections] ==> ignore
    arg [CMakeFiles/cmTC_fdedc.dir/CMakeCXXCompilerABI.cpp.o] ==> ignore
    arg [-lc++] ==> lib [c++]
    arg [-lm] ==> lib [m]
    arg [-lgcc] ==> lib [gcc]
    arg [-ldl] ==> lib [dl]
    arg [-lc] ==> lib [c]
    arg [-lgcc] ==> lib [gcc]
    arg [-ldl] ==> lib [dl]
    arg [/home/saeed/Android/Sdk/ndk/21.3.6528147/toolchains/llvm/prebuilt/linux-x86_64/sysroot/usr/lib/aarch64-linux-android/23/crtend_android.o] ==> obj [/home/saeed/Android/Sdk/ndk/21.3.6528147/toolchains/llvm/prebuilt/linux-x86_64/sysroot/usr/lib/aarch64-linux-android/23/crtend_android.o]
  collapse library dir [/home/saeed/Android/Sdk/ndk/21.3.6528147/toolchains/llvm/prebuilt/linux-x86_64/lib64/clang/9.0.8/lib/linux/aarch64] ==> [/home/saeed/Android/Sdk/ndk/21.3.6528147/toolchains/llvm/prebuilt/linux-x86_64/lib64/clang/9.0.8/lib/linux/aarch64]
  collapse library dir [/home/saeed/Android/Sdk/ndk/21.3.6528147/toolchains/llvm/prebuilt/linux-x86_64/lib/gcc/aarch64-linux-android/4.9.x] ==> [/home/saeed/Android/Sdk/ndk/21.3.6528147/toolchains/llvm/prebuilt/linux-x86_64/lib/gcc/aarch64-linux-android/4.9.x]
  collapse library dir [/home/saeed/Android/Sdk/ndk/21.3.6528147/toolchains/llvm/prebuilt/linux-x86_64/lib/gcc/aarch64-linux-android/4.9.x/../../../../aarch64-linux-android/lib/../lib64] ==> [/home/saeed/Android/Sdk/ndk/21.3.6528147/toolchains/llvm/prebuilt/linux-x86_64/aarch64-linux-android/lib64]
  collapse library dir [/home/saeed/Android/Sdk/ndk/21.3.6528147/toolchains/llvm/prebuilt/linux-x86_64/sysroot/usr/lib/aarch64-linux-android/23] ==> [/home/saeed/Android/Sdk/ndk/21.3.6528147/toolchains/llvm/prebuilt/linux-x86_64/sysroot/usr/lib/aarch64-linux-android/23]
  collapse library dir [/home/saeed/Android/Sdk/ndk/21.3.6528147/toolchains/llvm/prebuilt/linux-x86_64/sysroot/usr/lib/aarch64-linux-android] ==> [/home/saeed/Android/Sdk/ndk/21.3.6528147/toolchains/llvm/prebuilt/linux-x86_64/sysroot/usr/lib/aarch64-linux-android]
  collapse library dir [/home/saeed/Android/Sdk/ndk/21.3.6528147/toolchains/llvm/prebuilt/linux-x86_64/lib/gcc/aarch64-linux-android/4.9.x/../../../../aarch64-linux-android/lib] ==> [/home/saeed/Android/Sdk/ndk/21.3.6528147/toolchains/llvm/prebuilt/linux-x86_64/aarch64-linux-android/lib]
  collapse library dir [/home/saeed/Android/Sdk/ndk/21.3.6528147/toolchains/llvm/prebuilt/linux-x86_64/sysroot/usr/lib] ==> [/home/saeed/Android/Sdk/ndk/21.3.6528147/toolchains/llvm/prebuilt/linux-x86_64/sysroot/usr/lib]
  implicit libs: [c++;m;gcc;dl;c;gcc;dl]
  implicit objs: [/home/saeed/Android/Sdk/ndk/21.3.6528147/toolchains/llvm/prebuilt/linux-x86_64/sysroot/usr/lib/aarch64-linux-android/23/crtbegin_dynamic.o;/home/saeed/Android/Sdk/ndk/21.3.6528147/toolchains/llvm/prebuilt/linux-x86_64/sysroot/usr/lib/aarch64-linux-android/23/crtend_android.o]
  implicit dirs: [/home/saeed/Android/Sdk/ndk/21.3.6528147/toolchains/llvm/prebuilt/linux-x86_64/lib64/clang/9.0.8/lib/linux/aarch64;/home/saeed/Android/Sdk/ndk/21.3.6528147/toolchains/llvm/prebuilt/linux-x86_64/lib/gcc/aarch64-linux-android/4.9.x;/home/saeed/Android/Sdk/ndk/21.3.6528147/toolchains/llvm/prebuilt/linux-x86_64/aarch64-linux-android/lib64;/home/saeed/Android/Sdk/ndk/21.3.6528147/toolchains/llvm/prebuilt/linux-x86_64/sysroot/usr/lib/aarch64-linux-android/23;/home/saeed/Android/Sdk/ndk/21.3.6528147/toolchains/llvm/prebuilt/linux-x86_64/sysroot/usr/lib/aarch64-linux-android;/home/saeed/Android/Sdk/ndk/21.3.6528147/toolchains/llvm/prebuilt/linux-x86_64/aarch64-linux-android/lib;/home/saeed/Android/Sdk/ndk/21.3.6528147/toolchains/llvm/prebuilt/linux-x86_64/sysroot/usr/lib]
  implicit fwks: []


Determining if the include file pthread.h exists passed with the following output:
Change Dir: /home/saeed/3D_Chess/build-3D_Chess-Android_Qt_6_2_2_Clang_arm64_v8a-Debug/CMakeFiles/CMakeTmp

Run Build Command(s):/usr/bin/ninja cmTC_0ca98 && [1/2] Building CXX object CMakeFiles/cmTC_0ca98.dir/CheckIncludeFile.cxx.o
[2/2] Linking CXX executable cmTC_0ca98



Performing C++ SOURCE FILE Test HAVE_STDATOMIC succeeded with the following output:
Change Dir: /home/saeed/3D_Chess/build-3D_Chess-Android_Qt_6_2_2_Clang_arm64_v8a-Debug/CMakeFiles/CMakeTmp

Run Build Command(s):/usr/bin/ninja cmTC_f5827 && [1/2] Building CXX object CMakeFiles/cmTC_f5827.dir/src.cxx.o
[2/2] Linking CXX executable cmTC_f5827


Source file was:
#include <atomic>
#include <cstdint>

void test(volatile std::atomic<std::int64_t> &a)
{
    std::int64_t v = a.load(std::memory_order_acquire);
    while (!a.compare_exchange_strong(v, v + 1,
                                      std::memory_order_acq_rel,
                                      std::memory_order_acquire)) {
        v = a.exchange(v - 1);
    }
    a.store(v + 1, std::memory_order_release);
}

int main(int, char **)
{
    void *ptr = (void*)0xffffffc0; // any random pointer
    test(*reinterpret_cast<std::atomic<std::int64_t> *>(ptr));
    return 0;
}
Performing C++ SOURCE FILE Test HAVE_EGL succeeded with the following output:
Change Dir: /home/saeed/3D_Chess/build-3D_Chess-Android_Qt_6_2_2_Clang_arm64_v8a-Debug/CMakeFiles/CMakeTmp

Run Build Command(s):/usr/bin/ninja cmTC_92481 && [1/2] Building CXX object CMakeFiles/cmTC_92481.dir/src.cxx.o
[2/2] Linking CXX executable cmTC_92481


Source file was:

#include <EGL/egl.h>

int main(int argc, char *argv[]) {
    EGLint x = 0; EGLDisplay dpy = 0; EGLContext ctx = 0;
    eglDestroyContext(dpy, ctx);
}
Performing C++ SOURCE FILE Test HAVE_GLESv2 succeeded with the following output:
Change Dir: /home/saeed/3D_Chess/build-3D_Chess-Android_Qt_6_2_2_Clang_arm64_v8a-Debug/CMakeFiles/CMakeTmp

Run Build Command(s):/usr/bin/ninja cmTC_56e76 && [1/2] Building CXX object CMakeFiles/cmTC_56e76.dir/src.cxx.o
[2/2] Linking CXX executable cmTC_56e76


Source file was:

#ifdef __APPLE__
#  include <OpenGLES/ES2/gl.h>
#else
#  define GL_GLEXT_PROTOTYPES
#  include <GLES2/gl2.h>
#endif

int main(int argc, char *argv[]) {
    glUniform1f(1, GLfloat(1.0));
    glClear(GL_COLOR_BUFFER_BIT);
}
